<?xml version="1.0" encoding="UTF-8"?>
<testsuite xmlns:xsi="http://www.w3.org/2001/XMLSchema-instance" xsi:noNamespaceSchemaLocation="https://maven.apache.org/surefire/maven-surefire-plugin/xsd/surefire-test-report-3.0.xsd" version="3.0" name="io.openlineage.client.transports.ClasspathDebugTest" time="0.002" tests="1" errors="0" skipped="0" failures="0">
  <properties>
[...]
</properties>
  <testcase name="debugClasspathServiceFiles" classname="io.openlineage.client.transports.ClasspathDebugTest" time="0.002">
    <system-out><![CDATA[=== Debugging SPI Service Files ===
Found service files:
  1. file:/Users/jamesglasgow/Projects/olj/target/classes/META-INF/services/io.openlineage.client.transports.TransportBuilder
    Contents:
      io.openlineage.client.transports.InsecureHttpTransportBuilder
  2. jar:file:/Users/jamesglasgow/.m2/repository/io/openlineage/openlineage-java/1.36.0/openlineage-java-1.36.0.jar!/META-INF/services/io.openlineage.client.transports.TransportBuilder
    Contents:
      io.openlineage.client.transports.HttpTransportBuilder
      io.openlineage.client.transports.KafkaTransportBuilder
      io.openlineage.client.transports.ConsoleTransportBuilder
      io.openlineage.client.transports.FileTransportBuilder
      io.openlineage.client.transports.CompositeTransportBuilder
      io.openlineage.client.transports.TransformTransportBuilder
Total service files found: 2

=== Testing ServiceLoader Directly ===
ServiceLoader found:
  - http-insecure (io.openlineage.client.transports.InsecureHttpTransportBuilder)
  - http (io.openlineage.client.transports.HttpTransportBuilder)
  - kafka (io.openlineage.client.transports.KafkaTransportBuilder)
  - console (io.openlineage.client.transports.ConsoleTransportBuilder)
  - file (io.openlineage.client.transports.FileTransportBuilder)
  - composite (io.openlineage.client.transports.CompositeTransportBuilder)
  - transform (io.openlineage.client.transports.TransformTransportBuilder)

=== Testing Class Loading ===
✓ InsecureHttpTransportBuilder is loadable: io.openlineage.client.transports.InsecureHttpTransportBuilder
✓ HttpTransportBuilder is loadable: io.openlineage.client.transports.HttpTransportBuilder
]]></system-out>
  </testcase>
</testsuite>