<?xml version="1.0" encoding="UTF-8"?>
<testsuite xmlns:xsi="http://www.w3.org/2001/XMLSchema-instance" xsi:noNamespaceSchemaLocation="https://maven.apache.org/surefire/maven-surefire-plugin/xsd/surefire-test-report-3.0.xsd" version="3.0" name="io.openlineage.client.transports.InsecureHttpTransportTest" time="0.112" tests="5" errors="0" skipped="0" failures="0">
  <properties>
[...]
</properties>
  <testcase name="testTransportServiceDiscovery" classname="io.openlineage.client.transports.InsecureHttpTransportTest" time="0.008"/>
  <testcase name="testInsecureHttpConfig" classname="io.openlineage.client.transports.InsecureHttpTransportTest" time="0.001"/>
  <testcase name="testTransportConfiguration" classname="io.openlineage.client.transports.InsecureHttpTransportTest" time="0"/>
  <testcase name="testTransportBuild" classname="io.openlineage.client.transports.InsecureHttpTransportTest" time="0.094"/>
  <testcase name="testSSLContextModification" classname="io.openlineage.client.transports.InsecureHttpTransportTest" time="0.001"/>
</testsuite>